build/app/outputs/mapping/release/seeds.txt
com.example.makia_ai.MainActivity
com.example.makia_ai.MainActivity: MainActivity()
...
androidx.window.core.Version: java.lang.String VERSION_PATTERN_STRING
kotlinx.coroutines.internal.DispatchedContinuation
io.flutter.view.AccessibilityBridge$AccessibilityFeature: io.flutter.view.AccessibilityBridge$AccessibilityFeature[] values()
androidx.window.layout.WindowInfoTracker$Companion
io.flutter.view.AccessibilityViewEmbedder: java.lang.String TAG
androidx.window.embedding.MatcherUtils: java.lang.String sMatchersTag
kotlin.jvm.internal.CallableReference: java.lang.Object call(java.lang.Object[])
io.flutter.embedding.engine.FlutterJNI: void onRenderingStopped()
io.flutter.plugins.GeneratedPluginRegistrant: GeneratedPluginRegistrant()
androidx.window.embedding.ExtensionEmbeddingBackend$SplitListenerWrapper: android.app.Activity activity
androidx.window.embedding.EmbeddingCompat: void setEmbeddingCallback(androidx.window.embedding.EmbeddingInterfaceCompat$EmbeddingCallbackInterface)
kotlinx.coroutines.DefaultExecutor
androidx.window.layout.HardwareFoldingFeature: androidx.window.layout.FoldingFeature$OcclusionType getOcclusionType()
androidx.window.R$styleable: int ActivityRule_alwaysExpand
androidx.window.layout.WindowMetricsCalculator$Companion$overrideDecorator$1: WindowMetricsCalculator$Companion$overrideDecorator$1(java.lang.Object)
androidx.window.layout.SidecarCompat$TranslatingCallback: void onDeviceStateChanged(androidx.window.sidecar.SidecarDeviceState)
androidx.window.layout.SidecarCompat$FirstAttachAdapter: java.lang.ref.WeakReference activityWeakReference
io.flutter.view.AccessibilityViewEmbedder: android.view.accessibility.AccessibilityNodeInfo convertToFlutterNode(android.view.accessibility.AccessibilityNodeInfo,int,android.view.View)
androidx.window.layout.EmptyDecorator: androidx.window.layout.EmptyDecorator INSTANCE
androidx.window.layout.WindowMetrics: int hashCode()
androidx.lifecycle.Lifecycle$State: androidx.lifecycle.Lifecycle$State valueOf(java.lang.String)
kotlinx.coroutines.scheduling.WorkQueue: int blockingTasksInBuffer
androidx.window.embedding.EmbeddingRule
androidx.window.R$attr: int placeholderActivityName
io.flutter.embedding.engine.FlutterJNI: boolean getIsSoftwareRenderingEnabled()
io.flutter.embedding.engine.FlutterJNI: void nativeUpdateJavaAssetManager(long,android.content.res.AssetManager,java.lang.String)
kotlin.jvm.internal.CallableReference: kotlin.reflect.KCallable computeReflected()
kotlin.jvm.internal.CallableReference: java.lang.String getName()
androidx.window.embedding.EmbeddingTranslatingCallback: androidx.window.embedding.EmbeddingAdapter adapter
androidx.window.core.Version: androidx.window.core.Version UNKNOWN
androidx.window.core.Version$bigInteger$2: java.lang.Object invoke()
androidx.window.layout.SidecarCompat
androidx.window.layout.ExtensionInterfaceCompat
androidx.window.layout.SidecarAdapter
io.flutter.embedding.android.FlutterView: void setWindowInfoListenerDisplayFeatures(androidx.window.layout.WindowLayoutInfo)
androidx.window.layout.HardwareFoldingFeature: androidx.window.layout.HardwareFoldingFeature$Type type
io.flutter.embedding.engine.FlutterJNI: void setSemanticsEnabled(boolean)
io.flutter.embedding.android.FlutterImageView: android.media.ImageReader getImageReader()
io.flutter.embedding.engine.renderer.SurfaceTextureWrapper: void updateTexImage()
androidx.window.layout.DisplayCompatHelperApi28: int safeInsetTop(android.view.DisplayCutout)
androidx.window.layout.WindowMetricsCalculatorCompat: android.graphics.Rect computeWindowBoundsN$window_release(android.app.Activity)
androidx.window.embedding.SplitPairRule: androidx.window.embedding.SplitPairRule plus$window_release(androidx.window.embedding.SplitPairFilter)
androidx.window.embedding.MatcherUtils: boolean wildcardMatch(java.lang.String,java.lang.String)
androidx.window.embedding.SplitController: boolean sDebug
androidx.window.layout.SidecarCompat: java.lang.String TAG