build/app/outputs/mapping/release/mapping.txt
# compiler: R8
# compiler_version: 2.1.62
# min_api: 21
# pg_map_id: 3ce73f2
# common_typos_disable
...
kotlinx.coroutines.CoroutineName$Key -> kotlinx.coroutines.j0$a:
kotlinx.coroutines.CoroutineScope -> kotlinx.coroutines.k0:
    kotlin.coroutines.CoroutineContext getCoroutineContext() -> s
kotlinx.coroutines.CoroutineScopeKt -> kotlinx.coroutines.l0:
    kotlinx.coroutines.CoroutineScope CoroutineScope(kotlin.coroutines.CoroutineContext) -> a
kotlinx.coroutines.CoroutineStart -> kotlinx.coroutines.m0:
    kotlinx.coroutines.CoroutineStart UNDISPATCHED -> g
    kotlinx.coroutines.CoroutineStart[] $VALUES -> h
    kotlinx.coroutines.CoroutineStart DEFAULT -> d
    kotlinx.coroutines.CoroutineStart ATOMIC -> f
    kotlinx.coroutines.CoroutineStart LAZY -> e
    kotlinx.coroutines.CoroutineStart[] $values() -> a
    void invoke(kotlin.jvm.functions.Function2,java.lang.Object,kotlin.coroutines.Continuation) -> b
    boolean isLazy() -> c
kotlinx.coroutines.CoroutineStart$WhenMappings -> kotlinx.coroutines.m0$a:
    int[] $EnumSwitchMapping$0 -> a
kotlinx.coroutines.CoroutinesInternalError -> kotlinx.coroutines.n0:
kotlinx.coroutines.DebugKt -> kotlinx.coroutines.o0:
    boolean ASSERTIONS_ENABLED -> a
    boolean DEBUG -> b
    java.util.concurrent.atomic.AtomicLong COROUTINE_ID -> d
    boolean RECOVER_STACK_TRACES -> c
    boolean getASSERTIONS_ENABLED() -> a
    java.util.concurrent.atomic.AtomicLong getCOROUTINE_ID() -> b
    boolean getDEBUG() -> c
    boolean getRECOVER_STACK_TRACES() -> d
kotlinx.coroutines.DebugStringsKt -> kotlinx.coroutines.p0:
    java.lang.String getClassSimpleName(java.lang.Object) -> a
    java.lang.String getHexAddress(java.lang.Object) -> b
    java.lang.String toDebugString(kotlin.coroutines.Continuation) -> c
kotlinx.coroutines.DefaultExecutor -> kotlinx.coroutines.q0:
    kotlinx.coroutines.DefaultExecutor INSTANCE -> j
    long KEEP_ALIVE_NANOS -> k
    java.lang.Thread getThread() -> A
    void acknowledgeShutdownIfNeeded() -> R
    java.lang.Thread createThreadSync() -> S
    boolean isShutdownRequested() -> T
    boolean notifyStartup() -> U
kotlinx.coroutines.DispatchedCoroutine -> kotlinx.coroutines.r0:
    java.util.concurrent.atomic.AtomicIntegerFieldUpdater _decision$FU -> g
    void afterResume(java.lang.Object) -> t0
    void afterCompletion(java.lang.Object) -> x
    boolean tryResume() -> y0
kotlinx.coroutines.DispatchedTask -> kotlinx.coroutines.s0:
    int resumeMode -> f
    void cancelCompletedResult$kotlinx_coroutines_core(java.lang.Object,java.lang.Throwable) -> a
    kotlin.coroutines.Continuation getDelegate$kotlinx_coroutines_core() -> c
    java.lang.Throwable getExceptionalResult$kotlinx_coroutines_core(java.lang.Object) -> d
    java.lang.Object getSuccessfulResult$kotlinx_coroutines_core(java.lang.Object) -> e
    void handleFatalException(java.lang.Throwable,java.lang.Throwable) -> f
    java.lang.Object takeState$kotlinx_coroutines_core() -> h
kotlinx.coroutines.DispatchedTaskKt -> kotlinx.coroutines.t0:
    void dispatch(kotlinx.coroutines.DispatchedTask,int) -> a
    boolean isCancellableMode(int) -> b
    boolean isReusableMode(int) -> c
    void resume(kotlinx.coroutines.DispatchedTask,kotlin.coroutines.Continuation,boolean) -> d
    void resumeUnconfined(kotlinx.coroutines.DispatchedTask) -> e
kotlinx.coroutines.DispatcherExecutor -> kotlinx.coroutines.u0:
    kotlinx.coroutines.CoroutineDispatcher dispatcher -> d
kotlinx.coroutines.Dispatchers -> kotlinx.coroutines.v0:
    kotlinx.coroutines.CoroutineDispatcher IO -> b
    kotlinx.coroutines.CoroutineDispatcher Default -> a
    kotlinx.coroutines.CoroutineDispatcher getDefault() -> a
    kotlinx.coroutines.CoroutineDispatcher getIO() -> b
    kotlinx.coroutines.MainCoroutineDispatcher getMain() -> c
kotlinx.coroutines.DisposableHandle -> kotlinx.coroutines.w0:
    void dispose() -> b
kotlinx.coroutines.Empty -> kotlinx.coroutines.x0:
    boolean isActive -> d
    boolean isActive() -> a
    kotlinx.coroutines.NodeList getList() -> c