build/app/outputs/mapping/release/usage.txt
com.example.makia_ai.R$attr
com.example.makia_ai.R$id
com.example.makia_ai.R$mipmap
com.example.makia_ai.R$style
com.example.makia_ai.R$integer
com.example.makia_ai.R$styleable
com.example.makia_ai.BuildConfig
com.example.makia_ai.R$dimen
com.example.makia_ai.R
com.example.makia_ai.R$string
com.example.makia_ai.R$layout
com.example.makia_ai.R$drawable
com.example.makia_ai.R$color
...
com.google.common.util.concurrent.AbstractScheduledService$ServiceDelegate$2
com.google.common.collect.TransformedIterator
com.google.common.collect.AbstractNavigableMap$1
kotlin.jvm.internal.MutablePropertyReference1Impl
kotlin.sequences.SequencesKt___SequencesKt$minus$2$iterator$1
com.google.thirdparty.publicsuffix.PublicSuffixPatterns
com.google.common.hash.LittleEndianByteArray$JavaLittleEndianBytes
kotlinx.coroutines.flow.FlowKt__CountKt$count$$inlined$collect$1
kotlin.io.FilesKt__FileReadWriteKt$readLines$1
kotlinx.coroutines.flow.FlowKt__ReduceKt$reduce$1
androidx.core.view.ActionProvider
com.google.common.collect.Iterators$ArrayItr
com.google.common.eventbus.Subscriber$SynchronizedSubscriber
com.google.common.collect.AbstractSequentialIterator
io.flutter.plugin.common.PluginRegistry$ViewDestroyListener
com.google.common.primitives.Primitives
kotlin.annotation.Retention
androidx.window.layout.WindowMetricsCalculator:
    public static androidx.window.layout.WindowMetricsCalculator getOrCreate()
    public static void overrideDecorator(androidx.window.layout.WindowMetricsCalculatorDecorator)
    public static void reset()
com.google.common.primitives.ImmutableDoubleArray$1
kotlin.reflect.KProperty
com.google.common.collect.TreeMultiset
com.google.common.collect.StandardRowSortedTable
com.google.common.base.Platform$JdkPatternCompiler
org.intellij.lang.annotations.RegExp
androidx.core.provider.CalleeHandler
kotlinx.coroutines.channels.ProducerScope
androidx.versionedparcelable.R
kotlin.text.Regex
androidx.core.app.NotificationManagerCompat
com.google.common.base.FunctionalEquivalence
androidx.core.app.RemoteInput$Source
kotlin.sequences.MergingSequence$iterator$1
androidx.core.app.NotificationManagerCompat$CancelTask
androidx.core.view.WindowInsetsAnimationControllerCompat
kotlin.streams.jdk8.StreamsKt$asSequence$$inlined$Sequence$2
kotlin.jvm.internal.MutablePropertyReference1
androidx.collection.ArraySet
com.google.common.collect.HashMultiset
com.google.common.reflect.TypeToken
androidx.core.os.OperationCanceledException
com.google.common.hash.Striped64
kotlinx.coroutines.flow.FlowKt__BuildersKt$asFlow$$inlined$unsafeFlow$1
com.google.common.eventbus.DeadEvent
androidx.fragment.app.FragmentManagerViewModel$1
androidx.savedstate.SavedStateRegistry:
    void <init>()
    public void registerSavedStateProvider(java.lang.String,androidx.savedstate.SavedStateRegistry$SavedStateProvider)
    public void unregisterSavedStateProvider(java.lang.String)
    public boolean isRestored()
    public void runOnNextRecreation(java.lang.Class)
    void performRestore(androidx.lifecycle.Lifecycle,android.os.Bundle)
    void performSave(android.os.Bundle)
    private androidx.arch.core.internal.SafeIterableMap mComponents
    private android.os.Bundle mRestoredState
    private boolean mRestored
    private androidx.savedstate.Recreator$SavedStateProvider mRecreatorProvider
    private static final java.lang.String SAVED_COMPONENTS_KEY
com.google.common.reflect.Types$2
kotlin.OptIn
io.flutter.embedding.engine.dart.DartMessenger$TaskQueueFactory:
    public abstract io.flutter.embedding.engine.dart.DartMessenger$DartMessengerTaskQueue makeBackgroundTaskQueue(io.flutter.plugin.common.BinaryMessenger$TaskQueueOptions)
com.google.common.collect.ImmutableMap$SerializedForm
com.google.common.collect.Multimaps$UnmodifiableSortedSetMultimap
com.google.common.graph.AbstractBaseGraph$IncidentEdgeSet
kotlinx.coroutines.flow.FlowKt__TransformKt
kotlin.internal.RequireKotlinVersionKind
com.google.common.util.concurrent.SmoothRateLimiter$SmoothBursty
androidx.core.text.PrecomputedTextCompat$Params
com.google.common.collect.ForwardingBlockingDeque
kotlin.collections.SlidingWindowKt$windowedIterator$1
kotlin.jvm.internal.markers.KMutableIterator
kotlin.collections.ArraysKt___ArraysJvmKt$asList$1